<?xml version="1.0" encoding="UTF-8"?>
<!-- Generated by org.testng.reporters.JUnitReportReporter -->
<testsuite hostname="DESKTOP-EGETJ03" name="DriverScript.EBayAutomationTest" tests="3" failures="0" timestamp="10 Dec 2018 02:50:15 GMT" time="32.257" errors="0">
  <testcase name="Find_EstimatedDate" time="3.611" classname="DriverScript.EBayAutomationTest"/>
  <testcase name="Find_product" time="14.888" classname="DriverScript.EBayAutomationTest"/>
  <testcase name="AddProductToCart" time="13.758" classname="DriverScript.EBayAutomationTest"/>
</testsuite> <!-- DriverScript.EBayAutomationTest -->
