<?xml version="1.0" encoding="UTF-8"?>
<!-- Generated by org.testng.reporters.JUnitReportReporter -->
<testsuite hostname="DESKTOP-EGETJ03" name="DriverScript.EBayAutomationTest" tests="1" failures="0" timestamp="4 Dec 2018 10:04:31 GMT" time="41.117" errors="0">
  <testcase name="main" time="41.117" classname="DriverScript.EBayAutomationTest"/>
</testsuite> <!-- DriverScript.EBayAutomationTest -->
